1712010511762:print
1712012785148:exit
1712012796662:print
1712012956963:exit
1712012998534:print
1712014918219:exit
1712015525627:print
1712015537913:init
1712015576404:print
1712015578544:init
1712015601723:print
1712015603528:init
1712016360617:print
1712016394015:exit
1712019247351:print
1712020321640:exit
1712020335163:pritn
1712020337280:print
1712020340776:exit
1712020359603:print
1712020361726:exit
1712020470254:print
1712020472274:exit
1712020483194:print
1712020485911:exit
1712021041818:print
1712021044966:exit
1712021190425:print
1712021193054:exit
1712022178117:print
1712022191518:add --fn sadfg --ln afgfda -a 54
1712022205427:add --fn sdfg --ln sdfhgfds --a 44
1712022208003:print
1712022211226:exit
1712022854140:print
1712022871247:add --ln qwe --fn asd --a 12
1712022891328:add --fn tyu --ln ghj --a 67
1712022901200:print
1712022906273:delete 0
1712022909506:print
1712022913700:exit
1712026888470:print
1712026905982:add --fn sfdg --ln asdg --a 56
1712026909462:print
1712026913678:exit
1712029157891:print
1712029167024:delete 1
1712029169320:print
1712029208114:add --fn Николай --ln Козлов --a 99
1712029213704:print
1712029222796:flush
1712029225688:print
1712029228424:exit
