1711601605718:init
1711601608486:print
1711601663818:exit
1711602333941:init
1711602867945:print
1711602873088:init
1711602875911:print
1711603077351:init
1711603104622:add --fn Serg --ln Sidorov --a 34
1711603156065:init
1711603158574:print
1711603185798:add --fn Petr --ln Petrov --a 34
1711603194645:print
1711603223197:add --fn Alexander --ln Shimolin --a 48
1711603225890:print
1711603238613:exit
1711603451416:print
1711603455189:init
1711603464384:print
1711603470662:delet 0
1711603475289:delete 0
1711603483189:print
1711603486125:init
1711603489692:print
1711603493701:delete 3
1711603498492:exit
1711671188195:clear
1711671191106:print
1711671194890:init
1711671197810:print
1711671203901:clear
1711671206493:print
1711671314417:init
1711671317037:print
1711671321883:clear
1711671324917:cle
1711671327709:print
1711671347341:exit
1711671479703:зкште
1711671483148:print
1711671485227:init
1711671487459:print
1711671492166:clear
1711671495538:print
1711671533702:init
1711671536179:print
1711671542763:clear
1711671545298:print
1711671584902:учше
1711671586995:exit
1711671593709:clear
1711671633983:exit
1711671646813:init
1711671649234:print
1711671654466:clear
1711671686955:flush
1711671693673:init
1711671695969:print
1711671706877:flush
1711671709713:print
1711671715129:exit
1711671729999:flush
1711671732910:init
1711671735449:print
1711671739916:flush
1711671745204:print
1711671752081:exit
1711671773468:clear
1711675540390:print
1711675544801:init
1711675547408:print
1711675586956:init
1711675589153:print
1711675593839:sdf
1711675601712:exit
1711675678067:init
1711675724043:print
1711675789288:init
1711675791216:print
1711675807437:add --fn sdflkj --ln afdsg --a 55
1711675809479:print
1711675816952:clear
1711675818831:print
1711675839552:flush
1711675841816:print
1711675844699:exit
1711676970047:print
1711685600710:init
1711685603782:print
1711685620387:add --ln shimolin --fn alex -a 43
1711685636469:add -ln shimolin --fn alex --a 44
1711685654113:add --ln shimolin --fn alex --a 66
1711685666575:print
1711685903985:add --fn sdf --ln safd --a 44
1711685906391:print
1711686030739:add --fn sdfsa --ln asdf --a 55
1711686033394:print
1711686038315:init
1711686041770:print
1711686048234:eixt
1711686051714:exit
1711686150816:зкште
1711686153774:print
1711686176997:add --fn Alexander --ln Shimolin --a 48
1711686185630:print
1711686283528:add --fn sadfkj --ln asdfsad --a 43
1711686665620:init
1711686668181:print
1711686676017:delete 0
1711686709611:init
1711686711808:print
1711686716610:delete 0
1711686720026:print
1711686977967:init
1711686980287:print
1711686986352:delete 0
1711687021177:init
1711687023680:print
1711687027088:delete 0
1711687103042:init
1711687105151:print
1711687108776:delete 0
1711687124855:print
1711687133103:eixt
1711687205209:init
1711687207599:print
1711687212176:delete 0
1711687214775:print
1711687220895:exit
1711687473433:init
1711687475982:print
1711687480047:delete 0
1711687530632:init
1711687537947:delete 0
1711687544934:exit
1711687616528:init
1711687620527:print
1711687623118:init
1711687626005:print
1711687635918:delete 1
1711687640502:print
1711687646982:dlete 3
1711687652711:delete 3
1711687663598:print
1711687671275:delete 0
1711687676349:delete 2
1711687678605:print
1711687682541:exit
1711688012663:init
1711688015589:print
1711688060328:add --fn Shimolin --ln Alexander --a 44
1711688068685:print
1711688079462:delete 0
1711688090156:exit
1711688358350:init
1711688363434:print\\\nf
1711688366099:print
1711688371004:delete 0
1711688385129:add --fn skdjh --ln sdflk --a 33
1711688389228:print
1711688399428:delete 0
1711688402083:print
1711688405083:exit
1711690375537:add --ln Шимолин --fn Александр --a 48
1711690392247:print
1711690401061:exit
1711690435692:init
1711690437713:inti
1711690439509:init
1711690442422:print
1711690519343:init
1711690525693:print
1711690540348:xit
1711690542197:exit
1711690599177:init
1711690605077:print
1711690612766:delete 0
1711690621680:delete 7
1711690625389:print
1711690630958:delete 1
1711690633188:print
1711690638077:exit
